  goban.cpp
D:\Microsoft Visual Studio\source\repos\Goban\Goban\goban.cpp(94,2): warning C4996: 'strcat': This function or variable may be unsafe. Consider using strcat_s instead. To disable deprecation, use _CRT_SECURE_NO_WARNINGS. See online help for details.
D:\Microsoft Visual Studio\source\repos\Goban\Goban\goban.cpp(95,2): warning C4996: 'strcat': This function or variable may be unsafe. Consider using strcat_s instead. To disable deprecation, use _CRT_SECURE_NO_WARNINGS. See online help for details.
D:\Microsoft Visual Studio\source\repos\Goban\Goban\goban.cpp(93,2): warning C4996: 'itoa': The POSIX name for this item is deprecated. Instead, use the ISO C and C++ conformant name: _itoa. See online help for details.
D:\Microsoft Visual Studio\source\repos\Goban\Goban\goban.cpp(295,4): warning C4996: 'strcpy': This function or variable may be unsafe. Consider using strcpy_s instead. To disable deprecation, use _CRT_SECURE_NO_WARNINGS. See online help for details.
D:\Microsoft Visual Studio\source\repos\Goban\Goban\goban.cpp(297,4): warning C4996: 'strcpy': This function or variable may be unsafe. Consider using strcpy_s instead. To disable deprecation, use _CRT_SECURE_NO_WARNINGS. See online help for details.
D:\Microsoft Visual Studio\source\repos\Goban\Goban\goban.cpp(299,4): warning C4996: 'strcpy': This function or variable may be unsafe. Consider using strcpy_s instead. To disable deprecation, use _CRT_SECURE_NO_WARNINGS. See online help for details.
D:\Microsoft Visual Studio\source\repos\Goban\Goban\goban.cpp(304,4): warning C4996: 'strcpy': This function or variable may be unsafe. Consider using strcpy_s instead. To disable deprecation, use _CRT_SECURE_NO_WARNINGS. See online help for details.
D:\Microsoft Visual Studio\source\repos\Goban\Goban\goban.cpp(306,4): warning C4996: 'strcpy': This function or variable may be unsafe. Consider using strcpy_s instead. To disable deprecation, use _CRT_SECURE_NO_WARNINGS. See online help for details.
D:\Microsoft Visual Studio\source\repos\Goban\Goban\goban.cpp(308,4): warning C4996: 'strcpy': This function or variable may be unsafe. Consider using strcpy_s instead. To disable deprecation, use _CRT_SECURE_NO_WARNINGS. See online help for details.
D:\Microsoft Visual Studio\source\repos\Goban\Goban\goban.cpp(313,4): warning C4996: 'strcpy': This function or variable may be unsafe. Consider using strcpy_s instead. To disable deprecation, use _CRT_SECURE_NO_WARNINGS. See online help for details.
D:\Microsoft Visual Studio\source\repos\Goban\Goban\goban.cpp(315,4): warning C4996: 'strcpy': This function or variable may be unsafe. Consider using strcpy_s instead. To disable deprecation, use _CRT_SECURE_NO_WARNINGS. See online help for details.
D:\Microsoft Visual Studio\source\repos\Goban\Goban\goban.cpp(317,4): warning C4996: 'strcpy': This function or variable may be unsafe. Consider using strcpy_s instead. To disable deprecation, use _CRT_SECURE_NO_WARNINGS. See online help for details.
D:\Microsoft Visual Studio\source\repos\Goban\Goban\goban.cpp(323,4): warning C4996: 'strcpy': This function or variable may be unsafe. Consider using strcpy_s instead. To disable deprecation, use _CRT_SECURE_NO_WARNINGS. See online help for details.
D:\Microsoft Visual Studio\source\repos\Goban\Goban\goban.cpp(327,4): warning C4996: 'strcpy': This function or variable may be unsafe. Consider using strcpy_s instead. To disable deprecation, use _CRT_SECURE_NO_WARNINGS. See online help for details.
D:\Microsoft Visual Studio\source\repos\Goban\Goban\goban.cpp(331,4): warning C4996: 'strcpy': This function or variable may be unsafe. Consider using strcpy_s instead. To disable deprecation, use _CRT_SECURE_NO_WARNINGS. See online help for details.
D:\Microsoft Visual Studio\source\repos\Goban\Goban\goban.cpp(358,2): warning C4996: 'strcat': This function or variable may be unsafe. Consider using strcat_s instead. To disable deprecation, use _CRT_SECURE_NO_WARNINGS. See online help for details.
D:\Microsoft Visual Studio\source\repos\Goban\Goban\goban.cpp(359,2): warning C4996: 'strcat': This function or variable may be unsafe. Consider using strcat_s instead. To disable deprecation, use _CRT_SECURE_NO_WARNINGS. See online help for details.
D:\Microsoft Visual Studio\source\repos\Goban\Goban\goban.cpp(360,2): warning C4996: 'strcat': This function or variable may be unsafe. Consider using strcat_s instead. To disable deprecation, use _CRT_SECURE_NO_WARNINGS. See online help for details.
D:\Microsoft Visual Studio\source\repos\Goban\Goban\goban.cpp(361,2): warning C4996: 'strcat': This function or variable may be unsafe. Consider using strcat_s instead. To disable deprecation, use _CRT_SECURE_NO_WARNINGS. See online help for details.
D:\Microsoft Visual Studio\source\repos\Goban\Goban\goban.cpp(362,2): warning C4996: 'strcat': This function or variable may be unsafe. Consider using strcat_s instead. To disable deprecation, use _CRT_SECURE_NO_WARNINGS. See online help for details.
D:\Microsoft Visual Studio\source\repos\Goban\Goban\goban.cpp(373,2): warning C4996: 'strcat': This function or variable may be unsafe. Consider using strcat_s instead. To disable deprecation, use _CRT_SECURE_NO_WARNINGS. See online help for details.
D:\Microsoft Visual Studio\source\repos\Goban\Goban\goban.cpp(374,2): warning C4996: 'strcat': This function or variable may be unsafe. Consider using strcat_s instead. To disable deprecation, use _CRT_SECURE_NO_WARNINGS. See online help for details.
D:\Microsoft Visual Studio\source\repos\Goban\Goban\goban.cpp(375,2): warning C4996: 'strcat': This function or variable may be unsafe. Consider using strcat_s instead. To disable deprecation, use _CRT_SECURE_NO_WARNINGS. See online help for details.
D:\Microsoft Visual Studio\source\repos\Goban\Goban\goban.cpp(376,2): warning C4996: 'strcat': This function or variable may be unsafe. Consider using strcat_s instead. To disable deprecation, use _CRT_SECURE_NO_WARNINGS. See online help for details.
D:\Microsoft Visual Studio\source\repos\Goban\Goban\goban.cpp(402,19): warning C4101: “posj”: 未引用的局部变量
D:\Microsoft Visual Studio\source\repos\Goban\Goban\goban.cpp(402,13): warning C4101: “posi”: 未引用的局部变量
D:\Microsoft Visual Studio\source\repos\Goban\Goban\goban.cpp(477,7): warning C4996: 'fopen': This function or variable may be unsafe. Consider using fopen_s instead. To disable deprecation, use _CRT_SECURE_NO_WARNINGS. See online help for details.
D:\Microsoft Visual Studio\source\repos\Goban\Goban\goban.cpp(504,12): warning C4996: 'localtime': This function or variable may be unsafe. Consider using localtime_s instead. To disable deprecation, use _CRT_SECURE_NO_WARNINGS. See online help for details.
D:\Microsoft Visual Studio\source\repos\Goban\Goban\goban.cpp(490,9): warning C4101: “t”: 未引用的局部变量
D:\Microsoft Visual Studio\source\repos\Goban\Goban\goban.cpp(659,10): warning C4101: “test_tmp”: 未引用的局部变量
D:\Microsoft Visual Studio\source\repos\Goban\Goban\goban.cpp(659,25): warning C4101: “test”: 未引用的局部变量
D:\Microsoft Visual Studio\source\repos\Goban\Goban\goban.cpp(772,2): warning C4996: 'itoa': The POSIX name for this item is deprecated. Instead, use the ISO C and C++ conformant name: _itoa. See online help for details.
D:\Microsoft Visual Studio\source\repos\Goban\Goban\goban.cpp(807,15): warning C4101: “theme”: 未引用的局部变量
D:\Microsoft Visual Studio\source\repos\Goban\Goban\goban.cpp(868,15): warning C4996: 'fopen': This function or variable may be unsafe. Consider using fopen_s instead. To disable deprecation, use _CRT_SECURE_NO_WARNINGS. See online help for details.
D:\Microsoft Visual Studio\source\repos\Goban\Goban\goban.cpp(869,16): warning C4996: 'fopen': This function or variable may be unsafe. Consider using fopen_s instead. To disable deprecation, use _CRT_SECURE_NO_WARNINGS. See online help for details.
D:\Microsoft Visual Studio\source\repos\Goban\Goban\goban.cpp(874,17): warning C4996: 'fopen': This function or variable may be unsafe. Consider using fopen_s instead. To disable deprecation, use _CRT_SECURE_NO_WARNINGS. See online help for details.
D:\Microsoft Visual Studio\source\repos\Goban\Goban\goban.cpp(910,12): warning C4996: 'localtime': This function or variable may be unsafe. Consider using localtime_s instead. To disable deprecation, use _CRT_SECURE_NO_WARNINGS. See online help for details.
D:\Microsoft Visual Studio\source\repos\Goban\Goban\goban.cpp(892,9): warning C4101: “t”: 未引用的局部变量
D:\Microsoft Visual Studio\source\repos\Goban\Goban\goban.cpp(1014,6): warning C4101: “tmp”: 未引用的局部变量
D:\Microsoft Visual Studio\source\repos\Goban\Goban\goban.cpp(1053,2): warning C4996: 'wcscpy': This function or variable may be unsafe. Consider using wcscpy_s instead. To disable deprecation, use _CRT_SECURE_NO_WARNINGS. See online help for details.
D:\Microsoft Visual Studio\source\repos\Goban\Goban\goban.cpp(1073,13): warning C4996: 'fopen': This function or variable may be unsafe. Consider using fopen_s instead. To disable deprecation, use _CRT_SECURE_NO_WARNINGS. See online help for details.
D:\Microsoft Visual Studio\source\repos\Goban\Goban\goban.cpp(1119,15): warning C4996: 'fopen': This function or variable may be unsafe. Consider using fopen_s instead. To disable deprecation, use _CRT_SECURE_NO_WARNINGS. See online help for details.
D:\Microsoft Visual Studio\source\repos\Goban\Goban\goban.cpp(1120,16): warning C4996: 'fopen': This function or variable may be unsafe. Consider using fopen_s instead. To disable deprecation, use _CRT_SECURE_NO_WARNINGS. See online help for details.
D:\Microsoft Visual Studio\source\repos\Goban\Goban\goban.cpp(1133,6): warning C4996: 'fscanf': This function or variable may be unsafe. Consider using fscanf_s instead. To disable deprecation, use _CRT_SECURE_NO_WARNINGS. See online help for details.
D:\Microsoft Visual Studio\source\repos\Goban\Goban\goban.cpp(1134,6): warning C4996: 'fscanf': This function or variable may be unsafe. Consider using fscanf_s instead. To disable deprecation, use _CRT_SECURE_NO_WARNINGS. See online help for details.
D:\Microsoft Visual Studio\source\repos\Goban\Goban\goban.cpp(1135,6): warning C4996: 'fscanf': This function or variable may be unsafe. Consider using fscanf_s instead. To disable deprecation, use _CRT_SECURE_NO_WARNINGS. See online help for details.
D:\Microsoft Visual Studio\source\repos\Goban\Goban\goban.cpp(1136,6): warning C4996: 'fscanf': This function or variable may be unsafe. Consider using fscanf_s instead. To disable deprecation, use _CRT_SECURE_NO_WARNINGS. See online help for details.
D:\Microsoft Visual Studio\source\repos\Goban\Goban\goban.cpp(1137,6): warning C4996: 'fscanf': This function or variable may be unsafe. Consider using fscanf_s instead. To disable deprecation, use _CRT_SECURE_NO_WARNINGS. See online help for details.
D:\Microsoft Visual Studio\source\repos\Goban\Goban\goban.cpp(1172,15): warning C4996: 'fopen': This function or variable may be unsafe. Consider using fopen_s instead. To disable deprecation, use _CRT_SECURE_NO_WARNINGS. See online help for details.
D:\Microsoft Visual Studio\source\repos\Goban\Goban\goban.cpp(1188,14): warning C4996: 'strcpy': This function or variable may be unsafe. Consider using strcpy_s instead. To disable deprecation, use _CRT_SECURE_NO_WARNINGS. See online help for details.
D:\Microsoft Visual Studio\source\repos\Goban\Goban\goban.cpp(1189,8): warning C4996: 'strcpy': This function or variable may be unsafe. Consider using strcpy_s instead. To disable deprecation, use _CRT_SECURE_NO_WARNINGS. See online help for details.
D:\Microsoft Visual Studio\source\repos\Goban\Goban\goban.cpp(1190,15): warning C4996: 'strcpy': This function or variable may be unsafe. Consider using strcpy_s instead. To disable deprecation, use _CRT_SECURE_NO_WARNINGS. See online help for details.
D:\Microsoft Visual Studio\source\repos\Goban\Goban\goban.cpp(1191,9): warning C4996: 'strcpy': This function or variable may be unsafe. Consider using strcpy_s instead. To disable deprecation, use _CRT_SECURE_NO_WARNINGS. See online help for details.
D:\Microsoft Visual Studio\source\repos\Goban\Goban\goban.cpp(1194,4): warning C4996: 'strcpy': This function or variable may be unsafe. Consider using strcpy_s instead. To disable deprecation, use _CRT_SECURE_NO_WARNINGS. See online help for details.
D:\Microsoft Visual Studio\source\repos\Goban\Goban\goban.cpp(1196,4): warning C4996: 'strcpy': This function or variable may be unsafe. Consider using strcpy_s instead. To disable deprecation, use _CRT_SECURE_NO_WARNINGS. See online help for details.
D:\Microsoft Visual Studio\source\repos\Goban\Goban\goban.cpp(1198,4): warning C4996: 'strcpy': This function or variable may be unsafe. Consider using strcpy_s instead. To disable deprecation, use _CRT_SECURE_NO_WARNINGS. See online help for details.
D:\Microsoft Visual Studio\source\repos\Goban\Goban\goban.cpp(1200,4): warning C4996: 'strcpy': This function or variable may be unsafe. Consider using strcpy_s instead. To disable deprecation, use _CRT_SECURE_NO_WARNINGS. See online help for details.
D:\Microsoft Visual Studio\source\repos\Goban\Goban\goban.cpp(1204,4): warning C4996: 'strcpy': This function or variable may be unsafe. Consider using strcpy_s instead. To disable deprecation, use _CRT_SECURE_NO_WARNINGS. See online help for details.
D:\Microsoft Visual Studio\source\repos\Goban\Goban\goban.cpp(1206,4): warning C4996: 'strcpy': This function or variable may be unsafe. Consider using strcpy_s instead. To disable deprecation, use _CRT_SECURE_NO_WARNINGS. See online help for details.
D:\Microsoft Visual Studio\source\repos\Goban\Goban\goban.cpp(1208,4): warning C4996: 'strcpy': This function or variable may be unsafe. Consider using strcpy_s instead. To disable deprecation, use _CRT_SECURE_NO_WARNINGS. See online help for details.
D:\Microsoft Visual Studio\source\repos\Goban\Goban\goban.cpp(1210,4): warning C4996: 'strcpy': This function or variable may be unsafe. Consider using strcpy_s instead. To disable deprecation, use _CRT_SECURE_NO_WARNINGS. See online help for details.
D:\Microsoft Visual Studio\source\repos\Goban\Goban\goban.cpp(1212,4): warning C4996: 'strcpy': This function or variable may be unsafe. Consider using strcpy_s instead. To disable deprecation, use _CRT_SECURE_NO_WARNINGS. See online help for details.
D:\Microsoft Visual Studio\source\repos\Goban\Goban\goban.cpp(1272,4): warning C4996: 'wcscpy': This function or variable may be unsafe. Consider using wcscpy_s instead. To disable deprecation, use _CRT_SECURE_NO_WARNINGS. See online help for details.
D:\Microsoft Visual Studio\source\repos\Goban\Goban\goban.cpp(1298,18): warning C4101: “i”: 未引用的局部变量
D:\Microsoft Visual Studio\source\repos\Goban\Goban\goban.cpp(1342,12): warning C4996: 'fopen': This function or variable may be unsafe. Consider using fopen_s instead. To disable deprecation, use _CRT_SECURE_NO_WARNINGS. See online help for details.
  正在生成代码
  6 of 309 functions ( 1.9%) were compiled, the rest were copied from previous compilation.
    0 functions were new in current compilation
    3 functions had inline decision re-evaluated but remain unchanged
  已完成代码的生成
  Goban.vcxproj -> D:\Microsoft Visual Studio\source\repos\Goban\Release\Goban.exe
